<?xml version="1.0" encoding="UTF-8" ?>
<testsuites>
  <testsuite errors="0" failures="1" hostname="Alis-MacBook-Pro-2.local" id="0" name="OrganizationSpec" package="com.dorisoft.rental" tests="2" time="2.128" timestamp="2014-02-23T14:39:51">
      <properties />

      <testcase classname="com.dorisoft.rental.OrganizationSpec" name="Create new Organization, with one commercial property" time="1.94" />

      <testcase classname="com.dorisoft.rental.OrganizationSpec" name="Create new Organization, with multiple commercial property" time="0.156">
          <failure message="Condition not satisfied:&#xa;&#xa;RentalProperty.count == 4&#xa;               |     |&#xa;               0     false&#xa;" type="junit.framework.AssertionFailedError">junit.framework.AssertionFailedError: Condition not satisfied:

RentalProperty.count == 4
               |     |
               0     false

	at com.dorisoft.rental.OrganizationSpec.Create new Organization, with multiple commercial property(OrganizationSpec.groovy:47)
</failure>

      </testcase>

      <system-out><![CDATA[--Output from Create new Organization, with one commercial property--
--Output from Create new Organization, with multiple commercial property--
]]></system-out>

      <system-err><![CDATA[--Output from Create new Organization, with one commercial property--
--Output from Create new Organization, with multiple commercial property--
]]></system-err>

  </testsuite>
</testsuites>
